SF:lib/data/local/model/user_model.dart
DA:16,1
DA:25,0
DA:26,0
DA:28,0
DA:29,0
DA:30,0
DA:31,0
DA:32,0
DA:33,0
DA:36,0
DA:37,0
DA:39,0
LF:12
LH:1
end_of_record
SF:lib/data/remote/models/cast_response.dart
DA:7,0
DA:9,3
DA:10,6
DA:11,3
DA:12,6
DA:13,9
DA:14,9
DA:19,0
DA:20,0
DA:21,0
DA:22,0
DA:23,0
DA:43,0
DA:56,3
DA:57,6
DA:58,6
DA:59,6
DA:60,6
DA:61,6
DA:62,6
DA:63,6
DA:64,6
DA:65,6
DA:66,6
DA:67,6
DA:68,6
DA:71,0
DA:72,0
DA:73,0
DA:74,0
DA:75,0
DA:76,0
DA:77,0
DA:78,0
DA:79,0
DA:80,0
DA:81,0
DA:82,0
DA:83,0
DA:84,0
DA:88,2
DA:89,4
DA:90,2
DA:91,2
DA:92,2
DA:93,2
DA:94,2
DA:95,2
DA:96,2
DA:97,2
DA:98,2
DA:99,2
DA:100,2
LF:53
LH:32
end_of_record
SF:lib/data/remote/models/movie_detail_response.dart
DA:26,0
DA:49,2
DA:50,4
DA:51,4
DA:52,4
DA:53,2
DA:54,4
DA:55,6
DA:56,6
DA:59,4
DA:60,4
DA:61,4
DA:62,4
DA:63,4
DA:64,4
DA:65,4
DA:66,4
DA:67,4
DA:68,4
DA:69,4
DA:70,4
DA:71,4
DA:72,4
DA:73,4
DA:74,4
DA:75,4
DA:78,0
DA:79,0
DA:80,0
DA:81,0
DA:82,0
DA:83,0
DA:84,0
DA:86,0
DA:87,0
DA:88,0
DA:89,0
DA:90,0
DA:91,0
DA:92,0
DA:93,0
DA:94,0
DA:95,0
DA:96,0
DA:97,0
DA:98,0
DA:99,0
DA:100,0
DA:101,0
DA:102,0
DA:106,1
DA:107,1
DA:108,1
DA:109,1
DA:110,1
DA:111,5
DA:112,1
DA:113,1
DA:114,1
DA:115,1
DA:116,1
DA:117,1
DA:118,1
DA:119,1
DA:120,1
DA:121,1
DA:122,1
DA:123,1
DA:124,1
DA:125,1
DA:126,1
DA:127,1
DA:128,1
DA:136,0
DA:138,2
DA:139,4
DA:140,4
DA:143,0
DA:144,0
DA:145,0
DA:146,0
DA:150,1
DA:151,3
LF:83
LH:53
end_of_record
SF:lib/data/remote/models/movie_list_response.dart
DA:15,2
DA:22,2
DA:23,2
DA:25,0
DA:27,1
DA:28,1
DA:29,1
DA:30,5
DA:31,1
DA:32,1
DA:63,2
DA:81,2
DA:82,2
DA:84,0
DA:86,2
DA:87,1
DA:88,1
DA:89,1
DA:90,1
DA:91,1
DA:92,1
DA:93,1
DA:94,1
DA:95,1
DA:96,1
DA:97,1
DA:98,1
DA:99,1
DA:100,1
DA:101,1
LF:30
LH:28
end_of_record
SF:lib/data/remote/models/movie_list_response.g.dart
DA:9,2
DA:10,2
DA:11,2
DA:12,2
DA:13,6
DA:14,2
DA:15,2
DA:16,2
DA:19,0
DA:20,0
DA:21,0
DA:22,0
DA:23,0
DA:24,0
DA:27,2
DA:28,2
DA:29,2
DA:30,2
DA:31,2
DA:32,2
DA:33,2
DA:34,2
DA:35,2
DA:36,2
DA:37,2
DA:39,8
DA:40,4
DA:41,2
DA:42,2
DA:43,4
DA:44,2
DA:47,0
DA:48,0
DA:49,0
DA:50,0
DA:51,0
DA:52,0
DA:53,0
DA:54,0
DA:55,0
DA:56,0
DA:57,0
DA:58,0
DA:59,0
DA:60,0
DA:61,0
DA:62,0
DA:63,0
LF:48
LH:25
end_of_record
SF:lib/data/remote/models/movie_photos_response.dart
DA:7,0
DA:9,1
DA:10,1
DA:11,2
DA:12,3
DA:13,3
DA:16,1
DA:17,2
DA:18,3
DA:19,3
DA:24,0
DA:25,0
DA:26,0
DA:27,0
DA:29,0
DA:30,0
DA:35,0
DA:36,0
DA:37,0
DA:38,0
DA:51,0
DA:60,1
DA:61,2
DA:62,2
DA:63,2
DA:64,2
DA:65,2
DA:66,2
DA:67,2
DA:70,0
DA:71,0
DA:72,0
DA:73,0
DA:74,0
DA:75,0
DA:76,0
DA:77,0
DA:78,0
DA:82,0
DA:83,0
DA:84,0
DA:85,0
DA:86,0
DA:87,0
DA:88,0
DA:89,0
LF:46
LH:17
end_of_record
SF:lib/ui/models/movie_detail.dart
DA:27,1
DA:50,1
DA:51,3
DA:53,1
DA:54,3
DA:56,1
DA:57,1
DA:58,2
DA:66,1
LF:9
LH:9
end_of_record
SF:lib/data/local/database/app_database.g.dart
DA:13,0
DA:14,0
DA:19,0
DA:20,0
DA:24,0
DA:33,0
DA:34,0
DA:39,0
DA:40,0
DA:45,0
DA:46,0
DA:47,0
DA:49,0
DA:50,0
DA:52,0
DA:53,0
DA:60,0
DA:61,0
DA:68,0
DA:73,0
DA:75,0
DA:76,0
DA:77,0
DA:79,0
DA:80,0
DA:82,0
DA:83,0
DA:86,0
DA:88,0
DA:89,0
DA:91,0
DA:94,0
DA:97,0
DA:100,0
DA:102,0
DA:105,0
DA:107,0
DA:112,0
DA:115,0
DA:116,0
DA:119,0
DA:120,0
DA:121,0
DA:122,0
DA:123,0
DA:124,0
DA:125,0
DA:126,0
DA:137,0
DA:139,0
DA:140,0
DA:141,0
DA:142,0
DA:143,0
DA:144,0
DA:145,0
DA:146,0
DA:147,0
DA:150,0
DA:152,0
DA:153,0
DA:154,0
DA:155,0
DA:156,0
DA:157,0
DA:158,0
DA:159,0
DA:160,0
DA:161,0
DA:164,0
DA:166,0
DA:169,0
DA:171,0
DA:172,0
DA:173,0
DA:174,0
DA:175,0
DA:176,0
DA:177,0
DA:178,0
DA:179,0
DA:180,0
DA:183,0
DA:185,0
DA:191,0
DA:194,0
DA:195,0
DA:198,0
DA:199,0
DA:200,0
DA:201,0
DA:202,0
DA:203,0
DA:204,0
DA:205,0
DA:206,0
DA:207,0
DA:208,0
DA:209,0
DA:210,0
DA:211,0
DA:212,0
DA:223,0
DA:225,0
DA:226,0
DA:227,0
DA:228,0
DA:229,0
DA:230,0
DA:231,0
DA:232,0
DA:233,0
DA:234,0
DA:235,0
DA:236,0
DA:237,0
DA:238,0
DA:239,0
DA:240,0
DA:243,0
DA:245,0
DA:246,0
DA:247,0
DA:248,0
DA:249,0
DA:250,0
DA:251,0
DA:252,0
DA:253,0
DA:254,0
DA:255,0
DA:256,0
DA:257,0
DA:258,0
DA:259,0
DA:260,0
DA:261,0
DA:264,0
DA:266,0
DA:267,0
DA:270,0
DA:272,0
LF:142
LH:0
end_of_record
SF:lib/ui/features/registration/bloc/registration_bloc.dart
DA:23,0
DA:25,0
DA:26,0
DA:27,0
DA:29,0
DA:32,0
DA:34,0
DA:35,0
DA:37,0
DA:39,0
DA:40,0
DA:41,0
DA:42,0
DA:43,0
DA:44,0
DA:45,0
DA:46,0
DA:47,0
DA:49,0
DA:53,0
DA:57,0
DA:58,0
DA:60,0
DA:62,0
DA:64,0
LF:25
LH:0
end_of_record
SF:lib/ui/features/registration/bloc/registration_event.dart
DA:4,0
DA:6,0
DA:7,0
DA:13,0
DA:15,0
DA:16,0
DA:28,0
DA:37,0
DA:39,0
LF:9
LH:0
end_of_record
SF:lib/ui/features/registration/bloc/registration_state.dart
DA:4,7
DA:6,0
DA:7,0
DA:19,0
DA:20,0
DA:21,0
DA:27,6
DA:40,0
DA:42,0
DA:43,0
DA:44,0
DA:45,0
DA:46,0
DA:47,0
DA:48,0
DA:49,0
DA:50,0
DA:51,0
DA:52,0
DA:53,0
LF:20
LH:2
end_of_record
SF:lib/ui/features/registration/register_screen.dart
DA:22,7
DA:24,1
DA:25,1
DA:37,1
DA:39,1
DA:40,1
DA:41,1
DA:42,3
DA:45,1
DA:46,1
DA:47,0
DA:48,0
DA:49,0
DA:50,0
DA:51,0
DA:54,1
DA:55,1
DA:56,1
DA:58,1
DA:59,1
DA:60,1
DA:61,1
DA:62,1
DA:63,1
DA:64,1
DA:66,1
DA:67,2
DA:71,1
DA:72,1
DA:74,1
DA:75,2
DA:78,1
DA:79,1
DA:80,1
DA:81,1
DA:83,1
DA:85,2
DA:88,1
DA:89,1
DA:92,1
DA:93,2
DA:94,1
DA:95,1
DA:96,1
DA:97,1
DA:100,1
DA:101,1
DA:103,1
DA:105,2
DA:108,1
DA:109,1
DA:110,1
DA:111,0
DA:112,0
DA:115,1
DA:116,1
DA:121,1
DA:128,1
DA:129,1
DA:130,0
DA:131,0
DA:132,0
DA:133,0
DA:134,0
DA:135,0
DA:136,0
DA:137,0
DA:138,0
DA:139,0
DA:141,4
DA:145,1
DA:146,1
DA:147,2
DA:148,1
DA:149,1
DA:150,1
DA:156,1
DA:157,1
DA:158,2
DA:159,0
DA:160,0
DA:161,0
DA:162,1
DA:163,1
DA:164,0
DA:165,0
DA:166,0
DA:167,0
DA:169,0
DA:173,1
DA:174,1
DA:175,0
DA:176,1
DA:178,2
DA:187,0
DA:188,0
DA:190,0
DA:191,0
DA:194,0
DA:195,0
DA:196,0
DA:197,0
DA:199,0
DA:201,0
DA:203,0
DA:205,0
DA:207,0
DA:212,0
DA:213,0
DA:216,1
DA:217,1
DA:219,1
DA:221,1
DA:225,2
DA:227,0
DA:231,0
DA:232,0
DA:234,0
LF:118
LH:73
end_of_record
SF:lib/ui/features/detail/bloc/detail_state.dart
DA:4,2
DA:6,0
DA:7,0
DA:20,1
DA:30,1
LF:5
LH:3
end_of_record
SF:lib/ui/features/detail/bloc/detail_event.dart
DA:4,0
DA:6,0
DA:7,0
DA:12,0
LF:4
LH:0
end_of_record
SF:lib/ui/features/detail/bloc/detail_bloc.dart
DA:28,0
DA:30,0
DA:31,0
DA:34,0
DA:35,0
DA:36,0
DA:37,0
DA:38,0
DA:39,0
DA:41,0
DA:43,0
DA:44,0
DA:50,0
DA:52,0
DA:53,0
DA:56,0
DA:58,0
DA:59,0
DA:62,0
DA:64,0
DA:66,0
DA:67,0
DA:68,0
DA:69,0
DA:72,0
DA:74,0
DA:75,0
DA:76,0
LF:28
LH:0
end_of_record
SF:lib/ui/features/favorite/bloc/favorite_state.dart
DA:4,0
DA:6,0
DA:7,0
DA:17,0
DA:24,0
DA:26,0
DA:27,0
LF:7
LH:0
end_of_record
SF:lib/ui/features/favorite/bloc/favorite_event.dart
DA:4,12
DA:6,0
DA:7,0
DA:13,12
DA:19,0
LF:5
LH:2
end_of_record
SF:lib/ui/features/favorite/bloc/favorite_bloc.dart
DA:18,0
DA:19,0
DA:20,0
DA:23,0
DA:25,0
DA:26,0
DA:27,0
DA:28,0
DA:29,0
DA:30,0
DA:32,0
DA:35,0
DA:37,0
DA:38,0
DA:39,0
DA:40,0
DA:42,0
DA:43,0
DA:44,0
DA:45,0
LF:20
LH:0
end_of_record
SF:lib/data/local/data_sources/local_data_source.dart
DA:33,0
DA:35,0
DA:37,0
DA:40,0
DA:42,0
DA:45,0
DA:47,0
DA:50,0
DA:52,0
DA:55,0
DA:57,0
DA:60,0
DA:62,0
DA:65,0
DA:67,0
DA:70,0
DA:72,0
DA:75,0
DA:77,0
LF:19
LH:0
end_of_record
SF:lib/data/local/data_sources/preference_data_source.dart
DA:18,0
DA:20,0
DA:22,0
DA:25,0
DA:27,0
DA:30,0
DA:32,0
DA:35,0
DA:37,0
DA:40,0
DA:42,0
DA:45,0
DA:47,0
DA:50,0
DA:52,0
LF:15
LH:0
end_of_record
SF:lib/data/remote/data_sources/movies_remote_data_source.dart
DA:27,1
DA:29,1
DA:31,2
DA:32,1
DA:35,1
DA:37,2
DA:38,1
DA:41,1
DA:43,2
DA:44,1
DA:47,1
DA:49,2
DA:50,1
DA:53,1
DA:55,2
DA:56,1
LF:16
LH:16
end_of_record
SF:lib/data/remote/service/web_service.dart
DA:19,0
DA:21,0
LF:2
LH:0
end_of_record
SF:lib/data/remote/service/web_service.g.dart
DA:12,0
DA:21,0
DA:23,0
DA:24,0
DA:25,0
DA:27,0
DA:28,0
DA:33,0
DA:34,0
DA:39,0
DA:40,0
DA:41,0
DA:42,0
DA:44,0
DA:45,0
DA:49,0
DA:51,0
DA:52,0
DA:53,0
DA:55,0
DA:56,0
DA:61,0
DA:62,0
DA:67,0
DA:68,0
DA:69,0
DA:70,0
DA:72,0
DA:73,0
DA:77,0
DA:79,0
DA:80,0
DA:81,0
DA:83,0
DA:84,0
DA:89,0
DA:90,0
DA:91,0
DA:95,0
DA:96,0
DA:97,0
DA:98,0
DA:100,0
DA:101,0
DA:105,0
DA:107,0
DA:108,0
DA:109,0
DA:111,0
DA:112,0
DA:117,0
DA:118,0
DA:119,0
DA:123,0
DA:124,0
DA:125,0
DA:126,0
DA:128,0
DA:129,0
DA:133,0
DA:135,0
DA:136,0
DA:137,0
DA:139,0
DA:140,0
DA:145,0
DA:146,0
DA:147,0
DA:151,0
DA:152,0
DA:153,0
DA:154,0
DA:156,0
DA:157,0
DA:161,0
DA:162,0
DA:163,0
DA:164,0
DA:165,0
DA:166,0
DA:168,0
DA:174,0
DA:178,0
DA:182,0
DA:184,0
DA:185,0
DA:188,0
LF:87
LH:0
end_of_record
SF:lib/data/repository/database_repository_impl.dart
DA:18,0
DA:20,0
DA:22,0
DA:25,0
DA:27,0
DA:30,0
DA:32,0
DA:35,0
DA:37,0
DA:38,0
DA:41,0
DA:43,0
DA:46,0
DA:48,0
DA:51,0
DA:53,0
DA:56,0
DA:58,0
DA:61,0
DA:63,0
DA:66,0
DA:68,0
LF:22
LH:0
end_of_record
SF:lib/data/repository/movie_repository_impl.dart
DA:19,0
DA:21,0
DA:24,0
DA:25,0
DA:26,0
DA:27,0
DA:31,0
DA:34,0
DA:35,0
DA:36,0
DA:37,0
DA:41,0
DA:44,0
DA:45,0
DA:46,0
DA:47,0
DA:51,0
DA:54,0
DA:55,0
DA:56,0
DA:57,0
DA:61,0
DA:64,0
DA:65,0
DA:66,0
DA:67,0
LF:26
LH:0
end_of_record
SF:lib/data/repository/preference_repository_impl.dart
DA:10,0
DA:12,0
DA:14,0
DA:17,0
DA:19,0
DA:22,0
DA:24,0
DA:27,0
DA:29,0
DA:32,0
DA:34,0
DA:37,0
DA:39,0
DA:42,0
DA:44,0
LF:15
LH:0
end_of_record
SF:lib/domain/usecases/account/login_usecase.dart
DA:10,0
DA:12,0
DA:14,0
DA:15,0
DA:16,0
DA:17,0
DA:18,0
DA:19,0
DA:27,0
LF:9
LH:0
end_of_record
SF:lib/domain/usecases/account/profile_usecase.dart
DA:12,0
DA:14,0
DA:15,0
DA:18,0
DA:19,0
DA:22,0
DA:23,0
LF:7
LH:0
end_of_record
SF:lib/domain/usecases/account/registration_usecase.dart
DA:10,0
DA:12,0
DA:14,0
DA:26,0
LF:4
LH:0
end_of_record
SF:lib/domain/usecases/movie/favorite_mapper_usecase.dart
DA:12,0
DA:14,0
DA:15,0
DA:16,0
DA:17,0
DA:18,0
DA:19,0
DA:23,0
DA:24,0
DA:25,0
DA:26,0
LF:11
LH:0
end_of_record
SF:lib/domain/usecases/movie/get_cast_usecase.dart
DA:13,1
DA:15,1
DA:17,2
LF:3
LH:3
end_of_record
SF:lib/domain/usecases/movie/get_latest_movies_usecase.dart
DA:15,1
DA:17,1
DA:19,2
LF:3
LH:3
end_of_record
SF:lib/domain/usecases/movie/get_movie_detail_usecase.dart
DA:14,0
DA:16,0
DA:18,0
LF:3
LH:0
end_of_record
SF:lib/domain/usecases/movie/get_movie_photos_usecase.dart
DA:15,0
DA:17,0
DA:19,0
LF:3
LH:0
end_of_record
SF:lib/domain/usecases/movie/get_top_rated_movies_usecase.dart
DA:15,0
DA:17,0
DA:19,0
LF:3
LH:0
end_of_record
SF:lib/domain/usecases/movie/manage_favorites_usecase.dart
DA:10,0
DA:12,0
DA:13,0
DA:16,0
DA:17,0
DA:20,0
DA:21,0
DA:24,0
DA:25,0
LF:9
LH:0
end_of_record
SF:lib/ui/features/account/bloc/account_event.dart
DA:4,0
DA:6,0
DA:7,0
DA:16,0
DA:17,0
DA:18,0
DA:30,0
DA:39,0
DA:41,0
LF:9
LH:0
end_of_record
SF:lib/ui/features/account/bloc/account_bloc.dart
DA:20,0
DA:21,0
DA:22,0
DA:23,0
DA:24,0
DA:25,0
DA:27,0
DA:28,0
DA:29,0
DA:30,0
DA:35,0
DA:37,0
DA:38,0
DA:39,0
DA:42,0
DA:44,0
DA:45,0
DA:46,0
DA:47,0
DA:48,0
DA:49,0
DA:50,0
DA:51,0
DA:52,0
DA:53,0
LF:25
LH:0
end_of_record
SF:lib/ui/features/account/bloc/account_state.dart
DA:4,0
DA:6,0
DA:7,0
DA:17,0
DA:23,0
DA:29,0
DA:31,0
DA:32,0
LF:8
LH:0
end_of_record
SF:lib/ui/features/home/bloc/home_state.dart
DA:4,0
DA:6,0
DA:7,0
DA:21,0
DA:29,0
DA:36,0
DA:42,0
LF:7
LH:0
end_of_record
SF:lib/ui/features/home/bloc/home_event.dart
DA:4,0
DA:6,0
DA:7,0
DA:18,0
DA:24,0
DA:29,0
LF:6
LH:0
end_of_record
SF:lib/ui/features/home/bloc/home_bloc.dart
DA:25,0
DA:27,0
DA:28,0
DA:29,0
DA:30,0
DA:31,0
DA:32,0
DA:35,0
DA:36,0
DA:37,0
DA:38,0
DA:42,0
DA:44,0
DA:45,0
DA:46,0
DA:47,0
DA:48,0
DA:49,0
DA:51,0
DA:52,0
DA:53,0
DA:58,0
DA:60,0
DA:61,0
DA:62,0
DA:63,0
DA:64,0
DA:65,0
DA:67,0
DA:68,0
DA:69,0
DA:74,0
DA:76,0
DA:77,0
DA:78,0
DA:79,0
DA:81,0
DA:83,0
DA:84,0
DA:88,0
DA:90,0
DA:94,0
DA:96,0
DA:101,0
DA:102,0
DA:103,0
DA:104,0
DA:105,0
LF:48
LH:0
end_of_record
SF:lib/ui/features/login/bloc/login_event.dart
DA:4,0
DA:6,0
DA:7,0
DA:13,0
DA:15,0
DA:16,0
LF:6
LH:0
end_of_record
SF:lib/ui/features/login/bloc/login_state.dart
DA:4,6
DA:6,0
DA:7,0
DA:19,6
DA:25,0
DA:26,0
DA:27,0
DA:28,0
DA:29,0
DA:30,0
DA:31,0
LF:11
LH:2
end_of_record
SF:lib/ui/features/login/bloc/login_bloc.dart
DA:19,0
DA:20,0
DA:23,0
DA:25,0
DA:26,0
DA:27,0
DA:28,0
DA:29,0
DA:31,0
DA:32,0
DA:33,0
DA:34,0
DA:35,0
DA:37,0
LF:14
LH:0
end_of_record
SF:lib/ui/features/splash/bloc/splash_bloc.dart
DA:14,0
DA:15,0
DA:18,0
DA:19,0
DA:20,0
LF:5
LH:0
end_of_record
SF:lib/core/di/network_module.dart
DA:8,0
DA:10,0
DA:15,0
DA:21,0
DA:22,0
DA:23,0
LF:6
LH:0
end_of_record
SF:lib/core/di/storage_module.dart
DA:10,0
DA:13,0
DA:15,0
DA:18,0
DA:21,0
DA:23,0
DA:25,0
DA:27,0
LF:8
LH:0
end_of_record
SF:lib/core/di/injector.dart
DA:5,0
DA:7,0
DA:12,0
LF:3
LH:0
end_of_record
SF:lib/core/errors/api_failure.dart
DA:4,2
LF:1
LH:1
end_of_record
SF:lib/core/extension/build_context_ext.dart
DA:8,0
DA:9,0
DA:10,0
DA:13,4
DA:14,0
DA:18,4
DA:20,0
DA:21,0
DA:22,0
DA:23,0
DA:25,0
DA:27,0
DA:33,0
DA:34,0
DA:35,0
DA:36,0
DA:39,0
DA:41,0
DA:45,0
DA:46,0
DA:52,0
DA:53,0
DA:54,0
DA:55,0
DA:57,0
DA:59,0
DA:67,0
DA:68,0
DA:69,0
DA:70,0
DA:72,0
DA:74,0
DA:82,0
DA:83,0
DA:85,0
DA:86,0
LF:36
LH:2
end_of_record
SF:lib/core/extension/color_extension.dart
DA:4,6
DA:5,0
DA:6,0
DA:7,3
DA:8,0
DA:9,0
DA:10,0
DA:11,0
DA:12,0
DA:13,0
DA:14,0
DA:15,0
DA:16,0
DA:17,0
DA:18,0
DA:19,0
DA:20,0
DA:21,0
DA:22,0
DA:23,0
DA:24,0
DA:25,0
DA:26,0
DA:27,0
DA:28,0
DA:29,0
DA:30,0
DA:31,0
DA:32,0
LF:29
LH:2
end_of_record
SF:lib/core/extension/text_style_extension.dart
DA:5,4
DA:6,4
DA:7,0
DA:8,4
DA:9,8
DA:10,0
DA:11,0
DA:12,0
DA:13,0
DA:14,0
DA:15,0
DA:16,0
DA:17,0
DA:18,0
DA:19,0
DA:23,0
DA:24,0
DA:27,0
DA:28,0
DA:31,0
DA:32,0
DA:35,0
DA:36,0
DA:39,0
DA:40,0
DA:43,0
DA:44,0
DA:47,0
DA:48,0
LF:29
LH:4
end_of_record
SF:lib/ui/config/app_router.dart
DA:24,0
DA:25,0
DA:26,0
DA:27,0
DA:28,0
DA:29,0
DA:30,0
DA:34,0
DA:36,0
DA:37,0
DA:39,0
DA:40,0
DA:42,0
DA:43,0
DA:44,0
DA:47,0
DA:48,0
DA:49,0
DA:54,0
DA:55,0
DA:56,0
DA:57,0
DA:58,0
DA:59,0
DA:60,0
DA:61,0
DA:62,0
DA:63,0
DA:64,0
DA:65,0
DA:66,0
DA:73,0
DA:74,0
DA:75,0
DA:76,0
DA:77,0
DA:78,0
DA:79,0
DA:80,0
DA:85,0
DA:86,0
DA:87,0
DA:88,0
DA:89,0
DA:90,0
DA:91,0
DA:92,0
DA:93,0
DA:94,0
DA:102,0
DA:107,0
DA:108,0
DA:114,0
DA:115,0
DA:116,0
DA:117,0
DA:118,0
DA:119,0
DA:120,0
DA:127,0
DA:128,0
DA:129,0
DA:130,0
DA:131,0
DA:132,0
DA:133,0
DA:140,0
DA:141,0
DA:142,0
DA:143,0
DA:144,0
DA:145,0
DA:146,0
DA:147,0
DA:148,0
DA:149,0
DA:150,0
DA:151,0
DA:155,0
DA:156,0
DA:157,0
DA:158,0
DA:159,0
DA:160,0
DA:161,0
DA:168,0
DA:169,0
LF:87
LH:0
end_of_record
SF:lib/core/extension/date_time_extension.dart
DA:4,0
LF:1
LH:0
end_of_record
SF:lib/core/extension/logger_provider.dart
DA:3,0
LF:1
LH:0
end_of_record
SF:lib/core/extension/network_extension.dart
DA:7,0
DA:8,0
DA:9,0
DA:10,0
DA:11,0
DA:13,0
DA:15,0
LF:7
LH:0
end_of_record
SF:lib/core/extension/string_extension.dart
DA:6,0
DA:8,0
DA:9,0
DA:11,0
DA:14,0
DA:15,0
DA:21,0
DA:22,0
DA:23,0
DA:24,0
DA:25,0
DA:27,0
DA:28,0
LF:13
LH:0
end_of_record
SF:lib/core/utils/download_service.dart
DA:10,0
DA:14,0
DA:15,0
DA:18,0
DA:19,0
DA:20,0
DA:36,0
DA:37,0
DA:39,0
DA:40,0
DA:47,0
DA:48,0
DA:49,0
DA:50,0
DA:51,0
DA:55,0
DA:58,0
DA:64,0
DA:70,0
DA:71,0
DA:72,0
LF:21
LH:0
end_of_record
SF:lib/data/local/model/fav_movie_model.dart
DA:23,0
DA:40,0
DA:41,0
DA:42,0
DA:43,0
DA:44,0
DA:45,0
DA:46,0
DA:47,0
DA:48,0
DA:49,0
DA:50,0
DA:51,0
DA:52,0
DA:53,0
DA:54,0
DA:55,0
DA:58,0
DA:59,0
DA:60,0
DA:61,0
DA:62,0
DA:63,0
DA:64,0
DA:65,0
DA:66,0
DA:67,0
DA:69,0
DA:70,0
DA:71,0
DA:72,0
DA:73,0
LF:32
LH:0
end_of_record
SF:lib/ui/models/movie_list.dart
DA:10,0
DA:38,0
DA:56,0
DA:57,0
DA:59,0
DA:60,0
DA:62,0
DA:63,0
DA:64,0
DA:67,0
DA:68,0
LF:11
LH:0
end_of_record
SF:lib/domain/entities/cast_entity.dart
DA:17,2
DA:31,2
DA:32,1
DA:33,1
DA:34,1
DA:35,1
DA:36,1
DA:37,1
DA:38,1
DA:39,1
DA:40,1
DA:41,1
DA:42,1
DA:43,1
LF:14
LH:14
end_of_record
SF:lib/domain/entities/movie_detail_entity.dart
DA:26,1
DA:49,2
DA:50,1
DA:51,1
DA:52,1
DA:53,5
DA:54,1
DA:55,1
DA:56,1
DA:57,1
DA:58,1
DA:59,1
DA:60,1
DA:61,1
DA:62,1
DA:63,1
DA:64,1
DA:65,1
DA:66,1
DA:67,1
DA:68,1
DA:69,1
DA:70,1
DA:77,1
DA:79,4
LF:25
LH:25
end_of_record
SF:lib/domain/entities/movie_list_entity.dart
DA:10,1
DA:17,0
DA:18,0
DA:19,0
DA:20,0
DA:21,0
DA:42,1
DA:62,0
DA:63,0
DA:64,0
DA:65,0
DA:66,0
DA:67,0
DA:68,0
DA:69,0
DA:70,0
DA:71,0
DA:72,0
DA:73,0
DA:74,0
DA:75,0
DA:76,0
DA:77,0
DA:78,0
LF:24
LH:2
end_of_record
SF:lib/domain/entities/movie_photos_entity.dart
DA:7,0
DA:19,0
DA:28,0
DA:29,0
DA:30,0
DA:31,0
DA:32,0
DA:33,0
DA:34,0
DA:35,0
LF:10
LH:0
end_of_record
SF:lib/ui/models/cast.dart
DA:17,1
DA:31,1
DA:32,3
LF:3
LH:3
end_of_record
SF:lib/ui/models/movie_photos.dart
DA:12,0
DA:21,0
DA:22,0
DA:24,0
DA:25,0
LF:5
LH:0
end_of_record
SF:lib/ui/config/rout_names.dart
DA:12,0
DA:14,0
DA:16,0
DA:18,0
DA:20,0
DA:22,0
DA:24,0
DA:26,0
DA:31,0
LF:9
LH:0
end_of_record
SF:lib/ui/features/account/account_screen.dart
DA:21,6
DA:23,0
DA:24,0
DA:33,0
DA:35,0
DA:36,0
DA:37,0
DA:38,0
DA:39,0
DA:40,0
DA:41,0
DA:42,0
DA:47,0
DA:48,0
DA:49,0
DA:50,0
DA:51,0
DA:52,0
DA:53,0
DA:54,0
DA:55,0
DA:61,0
DA:62,0
DA:63,0
DA:64,0
DA:65,0
DA:66,0
DA:68,0
DA:69,0
DA:70,0
DA:71,0
DA:72,0
DA:73,0
DA:74,0
DA:75,0
DA:79,0
DA:80,0
DA:81,0
DA:82,0
DA:86,0
DA:87,0
DA:88,0
DA:89,0
DA:90,0
DA:91,0
DA:92,0
DA:93,0
DA:96,0
DA:97,0
DA:103,0
DA:105,0
DA:107,0
DA:108,0
DA:109,0
DA:111,0
DA:112,0
DA:113,0
DA:124,0
DA:125,0
DA:126,0
DA:127,0
DA:128,0
DA:129,0
DA:130,0
DA:131,0
DA:132,0
DA:133,0
DA:134,0
DA:135,0
DA:137,0
DA:141,0
DA:142,0
DA:143,0
DA:145,0
DA:149,0
DA:151,0
DA:155,0
DA:156,0
DA:158,0
DA:162,0
DA:163,0
DA:164,0
DA:165,0
DA:166,0
DA:168,0
DA:172,0
DA:173,0
DA:174,0
DA:176,0
DA:177,0
DA:178,0
DA:184,0
DA:185,0
DA:187,0
DA:188,0
DA:191,0
DA:192,0
DA:193,0
DA:194,0
DA:196,0
DA:198,0
DA:200,0
DA:202,0
DA:204,0
DA:209,0
DA:210,0
DA:211,0
LF:107
LH:1
end_of_record
SF:lib/ui/features/app/bottom_nav_screen.dart
DA:11,0
DA:13,0
DA:14,0
DA:18,0
DA:20,0
DA:21,0
DA:22,0
DA:26,0
DA:27,0
DA:28,0
DA:29,0
DA:30,0
DA:33,0
DA:34,0
DA:37,0
DA:38,0
DA:42,0
DA:45,0
DA:46,0
DA:48,0
DA:49,0
DA:51,0
DA:53,0
DA:54,0
DA:55,0
LF:25
LH:0
end_of_record
SF:lib/ui/features/detail/detail_screen.dart
DA:25,1
DA:27,1
DA:29,1
DA:31,1
DA:35,1
DA:36,1
DA:37,1
DA:38,1
DA:39,1
DA:40,1
DA:41,0
DA:42,0
DA:43,0
DA:46,1
DA:47,1
DA:58,1
DA:59,1
DA:60,1
DA:61,1
DA:62,3
DA:63,1
DA:64,1
DA:65,2
DA:69,1
DA:73,1
DA:74,2
DA:75,1
DA:76,1
DA:77,2
DA:78,1
DA:80,1
DA:81,2
DA:82,2
DA:87,1
DA:88,1
DA:89,2
DA:90,1
DA:92,1
DA:93,1
DA:94,1
DA:95,0
DA:96,0
DA:97,0
DA:100,1
DA:101,1
DA:102,2
DA:103,1
DA:105,1
DA:106,2
DA:115,1
DA:116,1
DA:119,1
DA:120,1
DA:121,1
DA:123,1
DA:127,1
DA:130,1
DA:133,1
DA:134,1
DA:135,1
DA:137,1
DA:138,1
DA:139,1
DA:140,1
DA:143,1
DA:144,1
DA:145,1
DA:146,1
DA:148,1
DA:149,1
DA:150,1
DA:151,1
DA:153,1
DA:154,2
DA:155,2
DA:159,1
DA:160,1
DA:162,1
DA:163,1
DA:164,1
DA:165,1
DA:166,2
DA:167,2
DA:173,1
DA:174,1
DA:175,6
DA:176,1
DA:178,1
DA:179,1
DA:180,6
DA:181,1
DA:189,1
DA:190,1
DA:191,1
DA:195,1
DA:198,2
DA:200,1
DA:205,0
DA:209,1
DA:210,1
DA:211,1
DA:212,1
DA:223,1
DA:226,2
DA:228,2
DA:229,1
DA:231,4
DA:232,1
DA:235,0
LF:109
LH:101
end_of_record
SF:lib/ui/features/detail/full_screen_image.dart
DA:10,0
DA:12,0
DA:14,0
DA:16,0
DA:18,0
DA:19,0
DA:20,0
DA:25,0
DA:26,0
DA:28,0
DA:29,0
DA:31,0
DA:32,0
DA:33,0
DA:34,0
DA:35,0
LF:16
LH:0
end_of_record
SF:lib/ui/features/favorite/favorite_screen.dart
DA:14,6
DA:16,0
DA:17,0
DA:23,0
DA:25,0
DA:26,0
DA:27,0
DA:28,0
DA:29,0
DA:35,0
DA:36,0
DA:43,0
DA:47,0
DA:48,0
DA:49,0
DA:50,0
DA:51,0
DA:52,0
DA:53,0
DA:54,0
DA:59,0
DA:60,0
DA:61,0
DA:62,0
DA:63,0
DA:64,0
DA:65,0
DA:67,0
DA:68,0
DA:69,0
DA:71,0
DA:72,0
DA:73,0
DA:77,0
DA:78,0
DA:79,0
DA:80,0
DA:90,0
DA:91,0
DA:92,0
DA:93,0
DA:94,0
DA:95,0
DA:97,0
DA:98,0
DA:101,0
DA:102,0
DA:103,0
LF:48
LH:1
end_of_record
SF:lib/ui/features/home/home_screen.dart
DA:18,6
DA:20,0
DA:21,0
DA:30,0
DA:32,0
DA:33,0
DA:34,0
DA:35,0
DA:36,0
DA:37,0
DA:38,0
DA:39,0
DA:40,0
DA:46,0
DA:48,0
DA:49,0
DA:50,0
DA:54,0
DA:55,0
DA:56,0
DA:57,0
DA:58,0
DA:59,0
DA:61,0
DA:62,0
DA:63,0
DA:66,0
DA:67,0
DA:68,0
DA:69,0
DA:76,0
DA:77,0
DA:79,0
DA:80,0
DA:81,0
DA:82,0
DA:86,0
DA:87,0
DA:88,0
DA:89,0
DA:90,0
DA:91,0
DA:92,0
DA:93,0
DA:94,0
DA:98,0
DA:99,0
DA:100,0
DA:101,0
DA:102,0
DA:104,0
DA:106,0
DA:109,0
DA:116,0
DA:117,0
DA:118,0
DA:119,0
DA:120,0
DA:121,0
DA:122,0
DA:124,0
DA:125,0
DA:129,0
DA:131,0
DA:132,0
DA:134,0
DA:135,0
DA:140,0
DA:141,0
DA:142,0
DA:143,0
DA:144,0
DA:145,0
DA:146,0
DA:147,0
DA:148,0
DA:149,0
LF:77
LH:1
end_of_record
SF:lib/ui/features/login/login_screen.dart
DA:18,6
DA:20,0
DA:21,0
DA:29,0
DA:31,0
DA:32,0
DA:33,0
DA:34,0
DA:37,0
DA:38,0
DA:39,0
DA:40,0
DA:41,0
DA:42,0
DA:43,0
DA:46,0
DA:47,0
DA:48,0
DA:50,0
DA:51,0
DA:52,0
DA:53,0
DA:57,0
DA:58,0
DA:59,0
DA:60,0
DA:61,0
DA:62,0
DA:63,0
DA:65,0
DA:66,0
DA:67,0
DA:68,0
DA:70,0
DA:71,0
DA:72,0
DA:77,0
DA:84,0
DA:85,0
DA:86,0
DA:87,0
DA:88,0
DA:89,0
DA:91,0
DA:95,0
DA:96,0
DA:97,0
DA:98,0
DA:99,0
DA:100,0
DA:106,0
DA:107,0
DA:108,0
DA:109,0
DA:114,0
DA:115,0
DA:116,0
DA:118,0
DA:123,0
DA:124,0
DA:126,0
DA:128,0
DA:129,0
DA:130,0
DA:131,0
DA:132,0
DA:133,0
DA:136,0
DA:137,0
DA:138,0
LF:70
LH:1
end_of_record
SF:lib/ui/features/splash/splash_screen.dart
DA:12,6
DA:14,0
DA:16,0
DA:17,0
DA:18,0
DA:19,0
DA:20,0
DA:23,0
DA:24,0
DA:25,0
DA:27,0
DA:29,0
DA:30,0
DA:31,0
DA:32,0
DA:34,0
LF:16
LH:1
end_of_record
SF:lib/ui/models/user.dart
DA:13,0
DA:22,0
DA:23,0
DA:24,0
DA:25,0
DA:26,0
DA:27,0
DA:28,0
DA:29,0
DA:30,0
LF:10
LH:0
end_of_record
SF:lib/ui/widgets/form_text_field.dart
DA:14,1
DA:25,1
DA:26,1
DA:33,1
DA:35,1
DA:36,2
DA:37,3
DA:38,2
DA:39,2
DA:40,2
DA:41,2
DA:42,2
DA:43,2
DA:44,2
DA:45,1
DA:47,2
DA:51,2
DA:52,2
DA:53,2
DA:54,1
DA:57,1
DA:58,1
DA:61,0
DA:62,0
DA:63,0
LF:25
LH:22
end_of_record
SF:lib/ui/widgets/modal/bottom_sheets.dart
DA:3,0
DA:5,0
DA:7,0
DA:8,0
DA:17,0
LF:5
LH:0
end_of_record
SF:lib/ui/widgets/modal/image_picker_modal.dart
DA:11,0
DA:13,0
DA:15,0
DA:16,0
DA:17,0
DA:19,0
DA:20,0
DA:21,0
DA:22,0
DA:24,0
DA:25,0
DA:27,0
DA:28,0
DA:29,0
DA:30,0
DA:31,0
DA:32,0
DA:33,0
DA:36,0
DA:37,0
DA:39,0
DA:40,0
DA:42,0
DA:43,0
DA:44,0
DA:45,0
DA:46,0
DA:47,0
DA:48,0
DA:51,0
DA:52,0
DA:53,0
DA:55,0
DA:56,0
DA:58,0
DA:59,0
DA:60,0
DA:61,0
DA:62,0
DA:63,0
DA:64,0
DA:68,0
LF:42
LH:0
end_of_record
SF:lib/ui/features/registration/widgets/gender_selection_radio_group.dart
DA:9,1
DA:11,1
DA:12,1
DA:17,1
DA:19,3
DA:20,1
DA:23,0
DA:24,0
DA:25,0
DA:26,0
DA:30,1
DA:32,1
DA:33,1
DA:34,3
DA:35,1
DA:36,1
DA:37,1
DA:38,2
DA:39,0
DA:41,4
DA:44,1
DA:45,1
DA:46,2
DA:47,0
DA:49,4
LF:25
LH:19
end_of_record
SF:lib/ui/features/detail/widgets/cast_list.dart
DA:11,1
DA:13,1
DA:15,1
DA:17,1
DA:19,2
DA:20,2
DA:21,1
DA:22,3
DA:27,1
DA:28,1
DA:31,1
DA:32,1
DA:33,1
DA:36,1
DA:37,0
DA:43,0
DA:44,0
DA:49,1
DA:50,3
LF:19
LH:16
end_of_record
SF:lib/ui/features/detail/widgets/curve_clipper.dart
DA:4,1
DA:6,1
DA:7,1
DA:8,3
DA:9,1
DA:10,6
DA:11,1
DA:12,8
DA:13,2
DA:14,1
DA:15,1
DA:19,0
LF:12
LH:11
end_of_record
SF:lib/ui/features/detail/widgets/photos_list.dart
DA:12,1
DA:15,1
DA:17,1
DA:19,1
DA:21,0
DA:22,2
DA:23,0
DA:24,0
DA:29,0
DA:30,0
DA:32,0
DA:33,0
DA:34,0
DA:37,0
DA:38,0
DA:39,0
DA:41,0
DA:42,0
DA:46,0
DA:47,0
DA:50,0
DA:52,0
DA:53,0
DA:55,0
DA:57,0
DA:59,0
DA:60,0
LF:27
LH:5
end_of_record
SF:lib/ui/widgets/api_error_widget.dart
DA:8,1
DA:10,1
DA:12,1
DA:15,1
DA:17,1
DA:19,1
DA:20,1
DA:21,1
DA:22,1
DA:23,1
DA:25,1
DA:28,1
DA:29,1
DA:30,1
DA:31,1
DA:33,1
LF:16
LH:16
end_of_record
SF:lib/ui/features/favorite/widgets/fav_list.dart
DA:14,0
DA:16,0
DA:18,0
DA:19,0
DA:20,0
DA:21,0
DA:22,0
DA:23,0
DA:25,0
LF:9
LH:0
end_of_record
SF:lib/ui/features/home/widgets/movie_grid_tile.dart
DA:14,0
DA:20,0
DA:22,0
DA:25,0
DA:26,0
DA:28,0
DA:29,0
DA:31,0
DA:32,0
DA:33,0
DA:34,0
DA:36,0
DA:40,0
DA:42,0
DA:43,0
DA:44,0
DA:45,0
DA:48,0
DA:53,0
DA:54,0
DA:55,0
DA:56,0
DA:63,0
DA:64,0
DA:65,0
DA:66,0
DA:67,0
DA:68,0
DA:75,0
DA:76,0
DA:77,0
DA:78,0
DA:79,0
DA:80,0
DA:82,0
DA:83,0
DA:84,0
DA:93,0
DA:94,0
DA:95,0
DA:99,0
DA:102,0
DA:104,0
DA:109,0
LF:44
LH:0
end_of_record
SF:lib/ui/features/favorite/widgets/fav_list_tile.dart
DA:19,0
DA:25,0
DA:27,0
DA:30,0
DA:31,0
DA:33,0
DA:34,0
DA:35,0
DA:36,0
DA:37,0
DA:38,0
DA:39,0
DA:40,0
DA:41,0
DA:47,0
DA:55,0
DA:56,0
DA:58,0
DA:60,0
DA:61,0
DA:63,0
DA:64,0
DA:66,0
DA:69,0
DA:72,0
DA:73,0
DA:74,0
DA:76,0
DA:77,0
DA:78,0
DA:79,0
DA:80,0
DA:81,0
DA:82,0
DA:92,0
DA:93,0
DA:94,0
DA:97,0
DA:101,0
DA:102,0
DA:103,0
DA:104,0
LF:42
LH:0
end_of_record
SF:lib/ui/features/home/widgets/movie_image_widget.dart
DA:11,0
DA:18,0
DA:20,0
DA:21,0
DA:22,0
DA:23,0
DA:24,0
DA:25,0
DA:26,0
DA:27,0
DA:29,0
DA:32,0
DA:33,0
DA:34,0
DA:38,0
DA:39,0
DA:41,0
DA:44,0
DA:45,0
DA:50,0
DA:51,0
DA:52,0
DA:54,0
DA:55,0
LF:24
LH:0
end_of_record
SF:lib/ui/features/home/widgets/home_slider_view.dart
DA:15,0
DA:17,0
DA:18,0
DA:24,0
DA:26,0
DA:27,0
DA:28,0
DA:30,0
DA:31,0
DA:32,0
DA:33,0
DA:35,0
DA:37,0
DA:39,0
DA:40,0
DA:41,0
DA:43,0
DA:46,0
DA:47,0
DA:55,0
DA:56,0
DA:57,0
DA:58,0
DA:59,0
DA:60,0
DA:61,0
DA:62,0
DA:65,0
DA:66,0
DA:67,0
DA:68,0
DA:70,0
DA:71,0
DA:74,0
LF:34
LH:0
end_of_record
SF:lib/ui/features/home/widgets/movies_sliver_grid.dart
DA:11,0
DA:13,0
DA:15,0
DA:17,0
DA:18,0
DA:19,0
DA:20,0
DA:21,0
DA:23,0
LF:9
LH:0
end_of_record
SF:lib/ui/widgets/progress_loader.dart
DA:4,12
DA:6,0
LF:2
LH:1
end_of_record
SF:lib/ui/features/splash/bloc/splash_state.dart
DA:4,0
DA:5,0
DA:13,0
LF:3
LH:0
end_of_record
SF:lib/ui/widgets/clickable_ripple_tile.dart
DA:10,0
DA:17,0
DA:19,0
DA:20,0
DA:21,0
DA:22,0
DA:23,0
DA:24,0
DA:25,0
DA:26,0
DA:27,0
DA:28,0
DA:29,0
LF:13
LH:0
end_of_record
